javax.management.NotCompliantMBeanException: org.apache.hadoop.hbase.master.MXBean: Method org.apache.hadoop.hbase.master.MXBean.getRegionServers has parameter or return type that cannot be translated into an open type
	at com.sun.jmx.mbeanserver.Introspector.throwException(Introspector.java:434)
	at com.sun.jmx.mbeanserver.MBeanAnalyzer.<init>(MBeanAnalyzer.java:118)
	at com.sun.jmx.mbeanserver.MBeanAnalyzer.analyzer(MBeanAnalyzer.java:104)
	at com.sun.jmx.mbeanserver.MXBeanIntrospector.getAnalyzer(MXBeanIntrospector.java:71)
	at com.sun.jmx.mbeanserver.MBeanIntrospector.getPerInterface(MBeanIntrospector.java:181)
	at com.sun.jmx.mbeanserver.MBeanSupport.<init>(MBeanSupport.java:138)
	at com.sun.jmx.mbeanserver.MXBeanSupport.<init>(MXBeanSupport.java:66)
	at com.sun.jmx.mbeanserver.Introspector.makeDynamicMBean(Introspector.java:187)
	at com.sun.jmx.interceptor.DefaultMBeanServerInterceptor.registerObject(DefaultMBeanServerInterceptor.java:935)
	at com.sun.jmx.interceptor.DefaultMBeanServerInterceptor.registerMBean(DefaultMBeanServerInterceptor.java:330)
	at com.sun.jmx.mbeanserver.JmxMBeanServer.registerMBean(JmxMBeanServer.java:526)
	at org.apache.hadoop.metrics.util.MBeanUtil.registerMBean(MBeanUtil.java:58)
	at org.apache.hadoop.hbase.master.HMaster.registerMBean(HMaster.java:2138)
	at org.apache.hadoop.hbase.master.HMaster.finishInitialization(HMaster.java:683)
	at org.apache.hadoop.hbase.master.HMaster.run(HMaster.java:433)
	at java.lang.Thread.run(Thread.java:701)
Caused by: java.lang.IllegalArgumentException: Method org.apache.hadoop.hbase.master.MXBean.getRegionServers has parameter or return type that cannot be translated into an open type
	at com.sun.jmx.mbeanserver.ConvertingMethod.from(ConvertingMethod.java:46)
	at com.sun.jmx.mbeanserver.MXBeanIntrospector.mFrom(MXBeanIntrospector.java:81)
	at com.sun.jmx.mbeanserver.MXBeanIntrospector.mFrom(MXBeanIntrospector.java:51)
	at com.sun.jmx.mbeanserver.MBeanAnalyzer.initMaps(MBeanAnalyzer.java:135)
	at com.sun.jmx.mbeanserver.MBeanAnalyzer.<init>(MBeanAnalyzer.java:116)
	... 14 more
Caused by: javax.management.openmbean.OpenDataException: Cannot obtain array class
	at com.sun.jmx.mbeanserver.OpenConverter.openDataException(OpenConverter.java:1389)
	at com.sun.jmx.mbeanserver.OpenConverter.makeArrayOrCollectionConverter(OpenConverter.java:346)
	at com.sun.jmx.mbeanserver.OpenConverter.makeConverter(OpenConverter.java:295)
	at com.sun.jmx.mbeanserver.OpenConverter.toConverter(OpenConverter.java:277)
	at com.sun.jmx.mbeanserver.OpenConverter.makeTabularConverter(OpenConverter.java:376)
	at com.sun.jmx.mbeanserver.OpenConverter.makeParameterizedConverter(OpenConverter.java:417)
	at com.sun.jmx.mbeanserver.OpenConverter.makeConverter(OpenConverter.java:312)
	at com.sun.jmx.mbeanserver.OpenConverter.toConverter(OpenConverter.java:277)
	at com.sun.jmx.mbeanserver.OpenConverter.makeCompositeConverter(OpenConverter.java:482)
	at com.sun.jmx.mbeanserver.OpenConverter.makeConverter(OpenConverter.java:309)
	at com.sun.jmx.mbeanserver.OpenConverter.toConverter(OpenConverter.java:277)
	at com.sun.jmx.mbeanserver.OpenConverter.makeTabularConverter(OpenConverter.java:377)
	at com.sun.jmx.mbeanserver.OpenConverter.makeParameterizedConverter(OpenConverter.java:417)
	at com.sun.jmx.mbeanserver.OpenConverter.makeConverter(OpenConverter.java:312)
	at com.sun.jmx.mbeanserver.OpenConverter.toConverter(OpenConverter.java:277)
	at com.sun.jmx.mbeanserver.ConvertingMethod.<init>(ConvertingMethod.java:198)
	at com.sun.jmx.mbeanserver.ConvertingMethod.from(ConvertingMethod.java:41)
	... 18 more
Caused by: java.lang.ClassNotFoundException: [Lbyte;
	at java.lang.Class.forName0(Native Method)
	at java.lang.Class.forName(Class.java:190)
	at com.sun.jmx.mbeanserver.OpenConverter.makeArrayOrCollectionConverter(OpenConverter.java:344)
	... 33 more
